" "
+=+=+=+=+=+=+=+=+=+=+=+=+=+=+=+=+=+=
Id759752686 | 0
Success: 0 | Hided: 0
+=+=+=+=+=+=+=+=+=+=+=+=+=+=+=+=+=+=

+=+=+=+=+=+=+=+=+=+=+=+=+=+=+=+=+=+=
Id759752686 | 0
Success: 0 | Hided: 0
+=+=+=+=+=+=+=+=+=+=+=+=+=+=+=+=+=+=

+=+=+=+=+=+=+=+=+=+=+=+=+=+=+=+=+=+=
Id759752686 | 0.24000000000000002
Success: 4 | Hided: 5
+=+=+=+=+=+=+=+=+=+=+=+=+=+=+=+=+=+=

+=+=+=+=+=+=+=+=+=+=+=+=+=+=+=+=+=+=
Id759752686 | 0.00 RUB
Success: 0 | Hided: 0
+=+=+=+=+=+=+=+=+=+=+=+=+=+=+=+=+=+=

+=+=+=+=+=+=+=+=+=+=+=+=+=+=+=+=+=+=
Id759752686 | 1.28 RUB
Success: 16 | Hided: 1
+=+=+=+=+=+=+=+=+=+=+=+=+=+=+=+=+=+=

+=+=+=+=+=+=+=+=+=+=+=+=+=+=+=+=+=+=
Id759752686 | 0.33 RUB
Success: 7 | Hided: 13
+=+=+=+=+=+=+=+=+=+=+=+=+=+=+=+=+=+=

+=+=+=+=+=+=+=+=+=+=+=+=+=+=+=+=+=+=
Id759752686 | 0.45 RUB
Success: 7 | Hided: 7
+=+=+=+=+=+=+=+=+=+=+=+=+=+=+=+=+=+=

+=+=+=+=+=+=+=+=+=+=+=+=+=+=+=+=+=+=
Id759752686 | 0.41 RUB
Success: 9 | Hided: 0
+=+=+=+=+=+=+=+=+=+=+=+=+=+=+=+=+=+=

+=+=+=+=+=+=+=+=+=+=+=+=+=+=+=+=+=+=
Id759752686 | 0.00 RUB
Success: 0 | Hided: 0
+=+=+=+=+=+=+=+=+=+=+=+=+=+=+=+=+=+=

+=+=+=+=+=+=+=+=+=+=+=+=+=+=+=+=+=+=
Id759752686 | 0.00 RUB
Success: 0 | Hided: 0
+=+=+=+=+=+=+=+=+=+=+=+=+=+=+=+=+=+=

+=+=+=+=+=+=+=+=+=+=+=+=+=+=+=+=+=+=
Id759752686 | 0.00 RUB
Success: 0 | Hided: 0
+=+=+=+=+=+=+=+=+=+=+=+=+=+=+=+=+=+=

+=+=+=+=+=+=+=+=+=+=+=+=+=+=+=+=+=+=
Id759752686 | 0.00 RUB
Success: 0 | Hided: 0
+=+=+=+=+=+=+=+=+=+=+=+=+=+=+=+=+=+=

+=+=+=+=+=+=+=+=+=+=+=+=+=+=+=+=+=+=
Id759752686 | 0.10 RUB
Success: 2 | Hided: 0
+=+=+=+=+=+=+=+=+=+=+=+=+=+=+=+=+=+=

+=+=+=+=+=+=+=+=+=+=+=+=+=+=+=+=+=+=
Id759752686 | 0.42 RUB
Success: 7 | Hided: 6
+=+=+=+=+=+=+=+=+=+=+=+=+=+=+=+=+=+=

+=+=+=+=+=+=+=+=+=+=+=+=+=+=+=+=+=+=
Id759752686 | 0.17 RUB
Success: 3 | Hided: 2
+=+=+=+=+=+=+=+=+=+=+=+=+=+=+=+=+=+=

+=+=+=+=+=+=+=+=+=+=+=+=+=+=+=+=+=+=
Id759752686 | 0.31 RUB
Success: 3 | Hided: 9
+=+=+=+=+=+=+=+=+=+=+=+=+=+=+=+=+=+=

+=+=+=+=+=+=+=+=+=+=+=+=+=+=+=+=+=+=
Id759752686 | 0.19 RUB
Success: 4 | Hided: 4
+=+=+=+=+=+=+=+=+=+=+=+=+=+=+=+=+=+=

+=+=+=+=+=+=+=+=+=+=+=+=+=+=+=+=+=+=
Id759752686 | 0.28 RUB
Success: 6 | Hided: 9
+=+=+=+=+=+=+=+=+=+=+=+=+=+=+=+=+=+=

+=+=+=+=+=+=+=+=+=+=+=+=+=+=+=+=+=+=
Id759752686 | 0.14 RUB
Success: 3 | Hided: 5
+=+=+=+=+=+=+=+=+=+=+=+=+=+=+=+=+=+=

+=+=+=+=+=+=+=+=+=+=+=+=+=+=+=+=+=+=
Id759752686 | 0.15 RUB
Success: 2 | Hided: 14
+=+=+=+=+=+=+=+=+=+=+=+=+=+=+=+=+=+=

+=+=+=+=+=+=+=+=+=+=+=+=+=+=+=+=+=+=
Kaio_medeiros | 2.58 RUB
Success: 44 | Hided: 6
+=+=+=+=+=+=+=+=+=+=+=+=+=+=+=+=+=+=

+=+=+=+=+=+=+=+=+=+=+=+=+=+=+=+=+=+=
Id759752686 | 0.24 RUB
Success: 6 | Hided: 0
+=+=+=+=+=+=+=+=+=+=+=+=+=+=+=+=+=+=

+=+=+=+=+=+=+=+=+=+=+=+=+=+=+=+=+=+=
Kaio_medeiros | 0.31 RUB
Success: 10 | Hided: 1
+=+=+=+=+=+=+=+=+=+=+=+=+=+=+=+=+=+=
