Hided | 4061274 | Follow user | 0.05 | id759752686
Success | 4061174 | Liking post | 0.05 | id759752686
Hided | 4061066 | Рассказать друзьям о посте | 0.05 | id759752686
Hided | 4061059 | Follow user | 0.05 | id759752686
Hided | 4061046 | Vote for answer 1. Сергеева Полина, 8 класс | 0.05 | id759752686
Success | 4060918 | Follow page | 0.05 | id759752686
Success | 4060148 | Join group | 0.05 | id759752686
Hided | 4059629 | Follow user | 0.05 | id759752686
Hided | 4058765 | Рассказать друзьям о посте | 0.05 | id759752686
Hided | 4058411 | Рассказать друзьям о посте | 0.05 | id759752686
Hided | 4057993 | Share video | 0.05 | id759752686
Hided | 4044910 | Рассказать друзьям о посте | 0.05 | id759752686
Hided | 4061320 | Рассказать друзьям о посте | 0.05 | id759752686
Hided | 4061317 | Follow user | 0.05 | id759752686
Hided | 4061308 | Рассказать друзьям о посте | 0.05 | id759752686
Hided | 4061305 | Рассказать друзьям о посте | 0.05 | id759752686
Hided | 4059668 | Vote for answer 511 группа | 0.05 | id759752686
Hided | 4043675 | Liking photo | 0.05 | id759752686
Hided | 4037090 | Рассказать друзьям о посте | 0.05 | id759752686
Hided | 4011671 | Рассказать друзьям о посте | 0.05 | id759752686
Hided | 4006567 | Рассказать друзьям о посте | 0.05 | id759752686
Success | 3764981 | Follow page | 0.05 | id759752686
Hided | 4061280 | Share video | 0.04 | id759752686
Hided | 3925367 | Рассказать друзьям о посте | 0.04 | id759752686
Success | 4061573 | Follow page | 0.08 | id759752686
Hided | 4056218 | Follow user | 0.08 | id759752686
Success | 3170846 | Follow page | 0.08 | id759752686
Hided | 4062035 | Рассказать друзьям о посте | 0.06 | id759752686
Hided | 4061959 | Рассказать друзьям о посте | 0.06 | id759752686
Hided | 4061981 | Рассказать друзьям о посте | 0.05 | id759752686
Hided | 4061980 | Рассказать друзьям о посте | 0.05 | id759752686
Hided | 4061918 | Рассказать друзьям о посте | 0.05 | id759752686
Hided | 4061739 | Рассказать друзьям о посте | 0.05 | id759752686
Hided | 4061488 | Vote for answer 6В | 0.05 | id759752686
Success | 4061432 | Follow page | 0.05 | id759752686
Hided | 4061402 | Vote for answer Арина Солодова | 0.05 | id759752686
Success | 4061359 | Liking post | 0.03 | id759752686
Hided | 4057946 | Liking video | 0.03 | id759752686
Hided | 4047591 | Liking comment: | 0.03 | id759752686
